#
# A fatal error has been detected by the Java Runtime Environment:
#
#  Internal Error (macroAssembler_x86.cpp:829), pid=5792, tid=2520
#  fatal error: DEBUG MESSAGE: illegal bytecode sequence - method not verified
#
# JRE version: OpenJDK Runtime Environment (21.0+35) (build 21+35-2513)
# Java VM: OpenJDK 64-Bit Server VM (21+35-2513, mixed mode, sharing, tiered, compressed oops, compressed class ptrs, g1 gc, windows-amd64)
# No core dump will be written. Minidumps are not enabled by default on client versions of Windows
#
# If you would like to submit a bug report, please visit:
#   https://bugreport.java.com/bugreport/crash.jsp
#

---------------  S U M M A R Y ------------

Command Line: -javaagent:C:\Program Files\JetBrains\IntelliJ IDEA 2024.2.1\lib\idea_rt.jar=53705:C:\Program Files\JetBrains\IntelliJ IDEA 2024.2.1\bin -Dfile.encoding=UTF-8 -Dsun.stdout.encoding=UTF-8 -Dsun.stderr.encoding=UTF-8 org.example.TestFX

Host: Intel(R) Core(TM) i5-10300H CPU @ 2.50GHz, 8 cores, 15G,  Windows 11 , 64 bit Build 26100 (10.0.26100.3037)
Time: Thu Feb 20 20:38:25 2025 W. Central Africa Standard Time elapsed time: 0.060292 seconds (0d 0h 0m 0s)

---------------  T H R E A D  ---------------

Current thread (0x0000019a9388c010):  JavaThread "main"             [_thread_in_Java, id=2520, stack(0x0000004851400000,0x0000004851500000) (1024K)]

Stack: [0x0000004851400000,0x0000004851500000]
Native frames: (J=compiled Java code, j=interpreted, Vv=VM code, C=native code)
V  [jvm.dll+0x6c8d39]
V  [jvm.dll+0x854091]
V  [jvm.dll+0x85630e]
V  [jvm.dll+0x280791]
V  [jvm.dll+0x620d6e]
C  0x0000019aa3208395

The last pc belongs to error exits (printed below).
error exits  [0x0000019aa3208360, 0x0000019aa3208398]  56 bytes
[MachCode]
  0x0000019aa3208360: 48b9 e076 | 0d3a f87f | 0000 4883 | e4f0 48b8 | e00c cb39 | f87f 0000 | ffd0 f448 | b9f8 760d 
  0x0000019aa3208380: 3af8 7f00 | 0048 83e4 | f048 b8e0 | 0ccb 39f8 | 7f00 00ff | d0f4 6690 
[/MachCode]

---------------  P R O C E S S  ---------------

Threads class SMR info:
_java_thread_list=0x0000019ab29682e0, length=9, elements={
0x0000019a9388c010, 0x0000019ab2969580, 0x0000019ab296c0f0, 0x0000019ab296d140,
0x0000019ab296e030, 0x0000019ab2978ab0, 0x0000019ab297a650, 0x0000019ab297b3e0,
0x0000019ab297be80
}

Java Threads: ( => current thread )
=>0x0000019a9388c010 JavaThread "main"                              [_thread_in_Java, id=2520, stack(0x0000004851400000,0x0000004851500000) (1024K)]
  0x0000019ab2969580 JavaThread "Reference Handler"          daemon [_thread_blocked, id=14516, stack(0x0000004851c00000,0x0000004851d00000) (1024K)]
  0x0000019ab296c0f0 JavaThread "Finalizer"                  daemon [_thread_blocked, id=10920, stack(0x0000004851d00000,0x0000004851e00000) (1024K)]
  0x0000019ab296d140 JavaThread "Signal Dispatcher"          daemon [_thread_blocked, id=10836, stack(0x0000004851e00000,0x0000004851f00000) (1024K)]
  0x0000019ab296e030 JavaThread "Attach Listener"            daemon [_thread_blocked, id=2548, stack(0x0000004851f00000,0x0000004852000000) (1024K)]
  0x0000019ab2978ab0 JavaThread "Service Thread"             daemon [_thread_blocked, id=4368, stack(0x0000004852000000,0x0000004852100000) (1024K)]
  0x0000019ab297a650 JavaThread "Monitor Deflation Thread"   daemon [_thread_blocked, id=8948, stack(0x0000004852100000,0x0000004852200000) (1024K)]
  0x0000019ab297b3e0 JavaThread "C2 CompilerThread0"         daemon [_thread_blocked, id=8344, stack(0x0000004852200000,0x0000004852300000) (1024K)]
  0x0000019ab297be80 JavaThread "C1 CompilerThread0"         daemon [_thread_blocked, id=1032, stack(0x0000004852300000,0x0000004852400000) (1024K)]
Total: 9

Other Threads:
  0x0000019ab2945810 VMThread "VM Thread"                           [id=7412, stack(0x0000004851b00000,0x0000004851c00000) (1024K)]
  0x0000019ab292f470 WatcherThread "VM Periodic Task Thread"        [id=10180, stack(0x0000004851a00000,0x0000004851b00000) (1024K)]
  0x0000019a938f0000 WorkerThread "GC Thread#0"                     [id=8256, stack(0x0000004851500000,0x0000004851600000) (1024K)]
  0x0000019a93901ba0 ConcurrentGCThread "G1 Main Marker"            [id=1916, stack(0x0000004851600000,0x0000004851700000) (1024K)]
  0x0000019a93903550 WorkerThread "G1 Conc#0"                       [id=12424, stack(0x0000004851700000,0x0000004851800000) (1024K)]
  0x0000019a9394eb10 ConcurrentGCThread "G1 Refine#0"               [id=12328, stack(0x0000004851800000,0x0000004851900000) (1024K)]
  0x0000019ab27feb30 ConcurrentGCThread "G1 Service"                [id=14732, stack(0x0000004851900000,0x0000004851a00000) (1024K)]
Total: 7

Threads with active compile tasks:
Total: 0

VM state: not at safepoint (normal execution)

VM Mutex/Monitor currently owned by a thread: None

Heap address: 0x0000000702c00000, size: 4052 MB, Compressed Oops mode: Zero based, Oop shift amount: 3

CDS archive(s) mapped at: [0x0000019ab3000000-0x0000019ab3c90000-0x0000019ab3c90000), size 13172736, SharedBaseAddress: 0x0000019ab3000000, ArchiveRelocationMode: 1.
Compressed class space mapped at: 0x0000019ab4000000-0x0000019af4000000, reserved size: 1073741824
Narrow klass base: 0x0000019ab3000000, Narrow klass shift: 0, Narrow klass range: 0x100000000

GC Precious Log:
 CardTable entry size: 512
 Card Set container configuration: InlinePtr #cards 4 size 8 Array Of Cards #cards 16 size 48 Howl #buckets 8 coarsen threshold 3686 Howl Bitmap #cards 512 size 80 coarsen threshold 460 Card regions per heap region 1 cards per card region 4096
 CPUs: 8 total, 8 available
 Memory: 16202M
 Large Page Support: Disabled
 NUMA Support: Disabled
 Compressed Oops: Enabled (Zero based)
 Heap Region Size: 2M
 Heap Min Capacity: 8M
 Heap Initial Capacity: 254M
 Heap Max Capacity: 4052M
 Pre-touch: Disabled
 Parallel Workers: 8
 Concurrent Workers: 2
 Concurrent Refinement Workers: 8
 Periodic GC: Disabled

Heap:
 garbage-first heap   total 260096K, used 0K [0x0000000702c00000, 0x0000000800000000)
  region size 2048K, 1 young (2048K), 0 survivors (0K)
 Metaspace       used 79K, committed 192K, reserved 1114112K
  class space    used 1K, committed 64K, reserved 1048576K

Heap Regions: E=young(eden), S=young(survivor), O=old, HS=humongous(starts), HC=humongous(continues), CS=collection set, F=free, TAMS=top-at-mark-start, PB=parsable bottom
|   0|0x0000000702c00000, 0x0000000702c00000, 0x0000000702e00000|  0%| F|  |TAMS 0x0000000702c00000| PB 0x0000000702c00000| Untracked 
|   1|0x0000000702e00000, 0x0000000702e00000, 0x0000000703000000|  0%| F|  |TAMS 0x0000000702e00000| PB 0x0000000702e00000| Untracked 
|   2|0x0000000703000000, 0x0000000703000000, 0x0000000703200000|  0%| F|  |TAMS 0x0000000703000000| PB 0x0000000703000000| Untracked 
|   3|0x0000000703200000, 0x0000000703200000, 0x0000000703400000|  0%| F|  |TAMS 0x0000000703200000| PB 0x0000000703200000| Untracked 
|   4|0x0000000703400000, 0x0000000703400000, 0x0000000703600000|  0%| F|  |TAMS 0x0000000703400000| PB 0x0000000703400000| Untracked 
|   5|0x0000000703600000, 0x0000000703600000, 0x0000000703800000|  0%| F|  |TAMS 0x0000000703600000| PB 0x0000000703600000| Untracked 
|   6|0x0000000703800000, 0x0000000703800000, 0x0000000703a00000|  0%| F|  |TAMS 0x0000000703800000| PB 0x0000000703800000| Untracked 
|   7|0x0000000703a00000, 0x0000000703a00000, 0x0000000703c00000|  0%| F|  |TAMS 0x0000000703a00000| PB 0x0000000703a00000| Untracked 
|   8|0x0000000703c00000, 0x0000000703c00000, 0x0000000703e00000|  0%| F|  |TAMS 0x0000000703c00000| PB 0x0000000703c00000| Untracked 
|   9|0x0000000703e00000, 0x0000000703e00000, 0x0000000704000000|  0%| F|  |TAMS 0x0000000703e00000| PB 0x0000000703e00000| Untracked 
|  10|0x0000000704000000, 0x0000000704000000, 0x0000000704200000|  0%| F|  |TAMS 0x0000000704000000| PB 0x0000000704000000| Untracked 
|  11|0x0000000704200000, 0x0000000704200000, 0x0000000704400000|  0%| F|  |TAMS 0x0000000704200000| PB 0x0000000704200000| Untracked 
|  12|0x0000000704400000, 0x0000000704400000, 0x0000000704600000|  0%| F|  |TAMS 0x0000000704400000| PB 0x0000000704400000| Untracked 
|  13|0x0000000704600000, 0x0000000704600000, 0x0000000704800000|  0%| F|  |TAMS 0x0000000704600000| PB 0x0000000704600000| Untracked 
|  14|0x0000000704800000, 0x0000000704800000, 0x0000000704a00000|  0%| F|  |TAMS 0x0000000704800000| PB 0x0000000704800000| Untracked 
|  15|0x0000000704a00000, 0x0000000704a00000, 0x0000000704c00000|  0%| F|  |TAMS 0x0000000704a00000| PB 0x0000000704a00000| Untracked 
|  16|0x0000000704c00000, 0x0000000704c00000, 0x0000000704e00000|  0%| F|  |TAMS 0x0000000704c00000| PB 0x0000000704c00000| Untracked 
|  17|0x0000000704e00000, 0x0000000704e00000, 0x0000000705000000|  0%| F|  |TAMS 0x0000000704e00000| PB 0x0000000704e00000| Untracked 
|  18|0x0000000705000000, 0x0000000705000000, 0x0000000705200000|  0%| F|  |TAMS 0x0000000705000000| PB 0x0000000705000000| Untracked 
|  19|0x0000000705200000, 0x0000000705200000, 0x0000000705400000|  0%| F|  |TAMS 0x0000000705200000| PB 0x0000000705200000| Untracked 
|  20|0x0000000705400000, 0x0000000705400000, 0x0000000705600000|  0%| F|  |TAMS 0x0000000705400000| PB 0x0000000705400000| Untracked 
|  21|0x0000000705600000, 0x0000000705600000, 0x0000000705800000|  0%| F|  |TAMS 0x0000000705600000| PB 0x0000000705600000| Untracked 
|  22|0x0000000705800000, 0x0000000705800000, 0x0000000705a00000|  0%| F|  |TAMS 0x0000000705800000| PB 0x0000000705800000| Untracked 
|  23|0x0000000705a00000, 0x0000000705a00000, 0x0000000705c00000|  0%| F|  |TAMS 0x0000000705a00000| PB 0x0000000705a00000| Untracked 
|  24|0x0000000705c00000, 0x0000000705c00000, 0x0000000705e00000|  0%| F|  |TAMS 0x0000000705c00000| PB 0x0000000705c00000| Untracked 
|  25|0x0000000705e00000, 0x0000000705e00000, 0x0000000706000000|  0%| F|  |TAMS 0x0000000705e00000| PB 0x0000000705e00000| Untracked 
|  26|0x0000000706000000, 0x0000000706000000, 0x0000000706200000|  0%| F|  |TAMS 0x0000000706000000| PB 0x0000000706000000| Untracked 
|  27|0x0000000706200000, 0x0000000706200000, 0x0000000706400000|  0%| F|  |TAMS 0x0000000706200000| PB 0x0000000706200000| Untracked 
|  28|0x0000000706400000, 0x0000000706400000, 0x0000000706600000|  0%| F|  |TAMS 0x0000000706400000| PB 0x0000000706400000| Untracked 
|  29|0x0000000706600000, 0x0000000706600000, 0x0000000706800000|  0%| F|  |TAMS 0x0000000706600000| PB 0x0000000706600000| Untracked 
|  30|0x0000000706800000, 0x0000000706800000, 0x0000000706a00000|  0%| F|  |TAMS 0x0000000706800000| PB 0x0000000706800000| Untracked 
|  31|0x0000000706a00000, 0x0000000706a00000, 0x0000000706c00000|  0%| F|  |TAMS 0x0000000706a00000| PB 0x0000000706a00000| Untracked 
|  32|0x0000000706c00000, 0x0000000706c00000, 0x0000000706e00000|  0%| F|  |TAMS 0x0000000706c00000| PB 0x0000000706c00000| Untracked 
|  33|0x0000000706e00000, 0x0000000706e00000, 0x0000000707000000|  0%| F|  |TAMS 0x0000000706e00000| PB 0x0000000706e00000| Untracked 
|  34|0x0000000707000000, 0x0000000707000000, 0x0000000707200000|  0%| F|  |TAMS 0x0000000707000000| PB 0x0000000707000000| Untracked 
|  35|0x0000000707200000, 0x0000000707200000, 0x0000000707400000|  0%| F|  |TAMS 0x0000000707200000| PB 0x0000000707200000| Untracked 
|  36|0x0000000707400000, 0x0000000707400000, 0x0000000707600000|  0%| F|  |TAMS 0x0000000707400000| PB 0x0000000707400000| Untracked 
|  37|0x0000000707600000, 0x0000000707600000, 0x0000000707800000|  0%| F|  |TAMS 0x0000000707600000| PB 0x0000000707600000| Untracked 
|  38|0x0000000707800000, 0x0000000707800000, 0x0000000707a00000|  0%| F|  |TAMS 0x0000000707800000| PB 0x0000000707800000| Untracked 
|  39|0x0000000707a00000, 0x0000000707a00000, 0x0000000707c00000|  0%| F|  |TAMS 0x0000000707a00000| PB 0x0000000707a00000| Untracked 
|  40|0x0000000707c00000, 0x0000000707c00000, 0x0000000707e00000|  0%| F|  |TAMS 0x0000000707c00000| PB 0x0000000707c00000| Untracked 
|  41|0x0000000707e00000, 0x0000000707e00000, 0x0000000708000000|  0%| F|  |TAMS 0x0000000707e00000| PB 0x0000000707e00000| Untracked 
|  42|0x0000000708000000, 0x0000000708000000, 0x0000000708200000|  0%| F|  |TAMS 0x0000000708000000| PB 0x0000000708000000| Untracked 
|  43|0x0000000708200000, 0x0000000708200000, 0x0000000708400000|  0%| F|  |TAMS 0x0000000708200000| PB 0x0000000708200000| Untracked 
|  44|0x0000000708400000, 0x0000000708400000, 0x0000000708600000|  0%| F|  |TAMS 0x0000000708400000| PB 0x0000000708400000| Untracked 
|  45|0x0000000708600000, 0x0000000708600000, 0x0000000708800000|  0%| F|  |TAMS 0x0000000708600000| PB 0x0000000708600000| Untracked 
|  46|0x0000000708800000, 0x0000000708800000, 0x0000000708a00000|  0%| F|  |TAMS 0x0000000708800000| PB 0x0000000708800000| Untracked 
|  47|0x0000000708a00000, 0x0000000708a00000, 0x0000000708c00000|  0%| F|  |TAMS 0x0000000708a00000| PB 0x0000000708a00000| Untracked 
|  48|0x0000000708c00000, 0x0000000708c00000, 0x0000000708e00000|  0%| F|  |TAMS 0x0000000708c00000| PB 0x0000000708c00000| Untracked 
|  49|0x0000000708e00000, 0x0000000708e00000, 0x0000000709000000|  0%| F|  |TAMS 0x0000000708e00000| PB 0x0000000708e00000| Untracked 
|  50|0x0000000709000000, 0x0000000709000000, 0x0000000709200000|  0%| F|  |TAMS 0x0000000709000000| PB 0x0000000709000000| Untracked 
|  51|0x0000000709200000, 0x0000000709200000, 0x0000000709400000|  0%| F|  |TAMS 0x0000000709200000| PB 0x0000000709200000| Untracked 
|  52|0x0000000709400000, 0x0000000709400000, 0x0000000709600000|  0%| F|  |TAMS 0x0000000709400000| PB 0x0000000709400000| Untracked 
|  53|0x0000000709600000, 0x0000000709600000, 0x0000000709800000|  0%| F|  |TAMS 0x0000000709600000| PB 0x0000000709600000| Untracked 
|  54|0x0000000709800000, 0x0000000709800000, 0x0000000709a00000|  0%| F|  |TAMS 0x0000000709800000| PB 0x0000000709800000| Untracked 
|  55|0x0000000709a00000, 0x0000000709a00000, 0x0000000709c00000|  0%| F|  |TAMS 0x0000000709a00000| PB 0x0000000709a00000| Untracked 
|  56|0x0000000709c00000, 0x0000000709c00000, 0x0000000709e00000|  0%| F|  |TAMS 0x0000000709c00000| PB 0x0000000709c00000| Untracked 
|  57|0x0000000709e00000, 0x0000000709e00000, 0x000000070a000000|  0%| F|  |TAMS 0x0000000709e00000| PB 0x0000000709e00000| Untracked 
|  58|0x000000070a000000, 0x000000070a000000, 0x000000070a200000|  0%| F|  |TAMS 0x000000070a000000| PB 0x000000070a000000| Untracked 
|  59|0x000000070a200000, 0x000000070a200000, 0x000000070a400000|  0%| F|  |TAMS 0x000000070a200000| PB 0x000000070a200000| Untracked 
|  60|0x000000070a400000, 0x000000070a400000, 0x000000070a600000|  0%| F|  |TAMS 0x000000070a400000| PB 0x000000070a400000| Untracked 
|  61|0x000000070a600000, 0x000000070a600000, 0x000000070a800000|  0%| F|  |TAMS 0x000000070a600000| PB 0x000000070a600000| Untracked 
|  62|0x000000070a800000, 0x000000070a800000, 0x000000070aa00000|  0%| F|  |TAMS 0x000000070a800000| PB 0x000000070a800000| Untracked 
|  63|0x000000070aa00000, 0x000000070aa00000, 0x000000070ac00000|  0%| F|  |TAMS 0x000000070aa00000| PB 0x000000070aa00000| Untracked 
|  64|0x000000070ac00000, 0x000000070ac00000, 0x000000070ae00000|  0%| F|  |TAMS 0x000000070ac00000| PB 0x000000070ac00000| Untracked 
|  65|0x000000070ae00000, 0x000000070ae00000, 0x000000070b000000|  0%| F|  |TAMS 0x000000070ae00000| PB 0x000000070ae00000| Untracked 
|  66|0x000000070b000000, 0x000000070b000000, 0x000000070b200000|  0%| F|  |TAMS 0x000000070b000000| PB 0x000000070b000000| Untracked 
|  67|0x000000070b200000, 0x000000070b200000, 0x000000070b400000|  0%| F|  |TAMS 0x000000070b200000| PB 0x000000070b200000| Untracked 
|  68|0x000000070b400000, 0x000000070b400000, 0x000000070b600000|  0%| F|  |TAMS 0x000000070b400000| PB 0x000000070b400000| Untracked 
|  69|0x000000070b600000, 0x000000070b600000, 0x000000070b800000|  0%| F|  |TAMS 0x000000070b600000| PB 0x000000070b600000| Untracked 
|  70|0x000000070b800000, 0x000000070b800000, 0x000000070ba00000|  0%| F|  |TAMS 0x000000070b800000| PB 0x000000070b800000| Untracked 
|  71|0x000000070ba00000, 0x000000070ba00000, 0x000000070bc00000|  0%| F|  |TAMS 0x000000070ba00000| PB 0x000000070ba00000| Untracked 
|  72|0x000000070bc00000, 0x000000070bc00000, 0x000000070be00000|  0%| F|  |TAMS 0x000000070bc00000| PB 0x000000070bc00000| Untracked 
|  73|0x000000070be00000, 0x000000070be00000, 0x000000070c000000|  0%| F|  |TAMS 0x000000070be00000| PB 0x000000070be00000| Untracked 
|  74|0x000000070c000000, 0x000000070c000000, 0x000000070c200000|  0%| F|  |TAMS 0x000000070c000000| PB 0x000000070c000000| Untracked 
|  75|0x000000070c200000, 0x000000070c200000, 0x000000070c400000|  0%| F|  |TAMS 0x000000070c200000| PB 0x000000070c200000| Untracked 
|  76|0x000000070c400000, 0x000000070c400000, 0x000000070c600000|  0%| F|  |TAMS 0x000000070c400000| PB 0x000000070c400000| Untracked 
|  77|0x000000070c600000, 0x000000070c600000, 0x000000070c800000|  0%| F|  |TAMS 0x000000070c600000| PB 0x000000070c600000| Untracked 
|  78|0x000000070c800000, 0x000000070c800000, 0x000000070ca00000|  0%| F|  |TAMS 0x000000070c800000| PB 0x000000070c800000| Untracked 
|  79|0x000000070ca00000, 0x000000070ca00000, 0x000000070cc00000|  0%| F|  |TAMS 0x000000070ca00000| PB 0x000000070ca00000| Untracked 
|  80|0x000000070cc00000, 0x000000070cc00000, 0x000000070ce00000|  0%| F|  |TAMS 0x000000070cc00000| PB 0x000000070cc00000| Untracked 
|  81|0x000000070ce00000, 0x000000070ce00000, 0x000000070d000000|  0%| F|  |TAMS 0x000000070ce00000| PB 0x000000070ce00000| Untracked 
|  82|0x000000070d000000, 0x000000070d000000, 0x000000070d200000|  0%| F|  |TAMS 0x000000070d000000| PB 0x000000070d000000| Untracked 
|  83|0x000000070d200000, 0x000000070d200000, 0x000000070d400000|  0%| F|  |TAMS 0x000000070d200000| PB 0x000000070d200000| Untracked 
|  84|0x000000070d400000, 0x000000070d400000, 0x000000070d600000|  0%| F|  |TAMS 0x000000070d400000| PB 0x000000070d400000| Untracked 
|  85|0x000000070d600000, 0x000000070d600000, 0x000000070d800000|  0%| F|  |TAMS 0x000000070d600000| PB 0x000000070d600000| Untracked 
|  86|0x000000070d800000, 0x000000070d800000, 0x000000070da00000|  0%| F|  |TAMS 0x000000070d800000| PB 0x000000070d800000| Untracked 
|  87|0x000000070da00000, 0x000000070da00000, 0x000000070dc00000|  0%| F|  |TAMS 0x000000070da00000| PB 0x000000070da00000| Untracked 
|  88|0x000000070dc00000, 0x000000070dc00000, 0x000000070de00000|  0%| F|  |TAMS 0x000000070dc00000| PB 0x000000070dc00000| Untracked 
|  89|0x000000070de00000, 0x000000070de00000, 0x000000070e000000|  0%| F|  |TAMS 0x000000070de00000| PB 0x000000070de00000| Untracked 
|  90|0x000000070e000000, 0x000000070e000000, 0x000000070e200000|  0%| F|  |TAMS 0x000000070e000000| PB 0x000000070e000000| Untracked 
|  91|0x000000070e200000, 0x000000070e200000, 0x000000070e400000|  0%| F|  |TAMS 0x000000070e200000| PB 0x000000070e200000| Untracked 
|  92|0x000000070e400000, 0x000000070e400000, 0x000000070e600000|  0%| F|  |TAMS 0x000000070e400000| PB 0x000000070e400000| Untracked 
|  93|0x000000070e600000, 0x000000070e600000, 0x000000070e800000|  0%| F|  |TAMS 0x000000070e600000| PB 0x000000070e600000| Untracked 
|  94|0x000000070e800000, 0x000000070e800000, 0x000000070ea00000|  0%| F|  |TAMS 0x000000070e800000| PB 0x000000070e800000| Untracked 
|  95|0x000000070ea00000, 0x000000070ea00000, 0x000000070ec00000|  0%| F|  |TAMS 0x000000070ea00000| PB 0x000000070ea00000| Untracked 
|  96|0x000000070ec00000, 0x000000070ec00000, 0x000000070ee00000|  0%| F|  |TAMS 0x000000070ec00000| PB 0x000000070ec00000| Untracked 
|  97|0x000000070ee00000, 0x000000070ee00000, 0x000000070f000000|  0%| F|  |TAMS 0x000000070ee00000| PB 0x000000070ee00000| Untracked 
|  98|0x000000070f000000, 0x000000070f000000, 0x000000070f200000|  0%| F|  |TAMS 0x000000070f000000| PB 0x000000070f000000| Untracked 
|  99|0x000000070f200000, 0x000000070f200000, 0x000000070f400000|  0%| F|  |TAMS 0x000000070f200000| PB 0x000000070f200000| Untracked 
| 100|0x000000070f400000, 0x000000070f400000, 0x000000070f600000|  0%| F|  |TAMS 0x000000070f400000| PB 0x000000070f400000| Untracked 
| 101|0x000000070f600000, 0x000000070f600000, 0x000000070f800000|  0%| F|  |TAMS 0x000000070f600000| PB 0x000000070f600000| Untracked 
| 102|0x000000070f800000, 0x000000070f800000, 0x000000070fa00000|  0%| F|  |TAMS 0x000000070f800000| PB 0x000000070f800000| Untracked 
| 103|0x000000070fa00000, 0x000000070fa00000, 0x000000070fc00000|  0%| F|  |TAMS 0x000000070fa00000| PB 0x000000070fa00000| Untracked 
| 104|0x000000070fc00000, 0x000000070fc00000, 0x000000070fe00000|  0%| F|  |TAMS 0x000000070fc00000| PB 0x000000070fc00000| Untracked 
| 105|0x000000070fe00000, 0x000000070fe00000, 0x0000000710000000|  0%| F|  |TAMS 0x000000070fe00000| PB 0x000000070fe00000| Untracked 
| 106|0x0000000710000000, 0x0000000710000000, 0x0000000710200000|  0%| F|  |TAMS 0x0000000710000000| PB 0x0000000710000000| Untracked 
| 107|0x0000000710200000, 0x0000000710200000, 0x0000000710400000|  0%| F|  |TAMS 0x0000000710200000| PB 0x0000000710200000| Untracked 
| 108|0x0000000710400000, 0x0000000710400000, 0x0000000710600000|  0%| F|  |TAMS 0x0000000710400000| PB 0x0000000710400000| Untracked 
| 109|0x0000000710600000, 0x0000000710600000, 0x0000000710800000|  0%| F|  |TAMS 0x0000000710600000| PB 0x0000000710600000| Untracked 
| 110|0x0000000710800000, 0x0000000710800000, 0x0000000710a00000|  0%| F|  |TAMS 0x0000000710800000| PB 0x0000000710800000| Untracked 
| 111|0x0000000710a00000, 0x0000000710a00000, 0x0000000710c00000|  0%| F|  |TAMS 0x0000000710a00000| PB 0x0000000710a00000| Untracked 
| 112|0x0000000710c00000, 0x0000000710c00000, 0x0000000710e00000|  0%| F|  |TAMS 0x0000000710c00000| PB 0x0000000710c00000| Untracked 
| 113|0x0000000710e00000, 0x0000000710e00000, 0x0000000711000000|  0%| F|  |TAMS 0x0000000710e00000| PB 0x0000000710e00000| Untracked 
| 114|0x0000000711000000, 0x0000000711000000, 0x0000000711200000|  0%| F|  |TAMS 0x0000000711000000| PB 0x0000000711000000| Untracked 
| 115|0x0000000711200000, 0x0000000711200000, 0x0000000711400000|  0%| F|  |TAMS 0x0000000711200000| PB 0x0000000711200000| Untracked 
| 116|0x0000000711400000, 0x0000000711400000, 0x0000000711600000|  0%| F|  |TAMS 0x0000000711400000| PB 0x0000000711400000| Untracked 
| 117|0x0000000711600000, 0x0000000711600000, 0x0000000711800000|  0%| F|  |TAMS 0x0000000711600000| PB 0x0000000711600000| Untracked 
| 118|0x0000000711800000, 0x0000000711800000, 0x0000000711a00000|  0%| F|  |TAMS 0x0000000711800000| PB 0x0000000711800000| Untracked 
| 119|0x0000000711a00000, 0x0000000711a00000, 0x0000000711c00000|  0%| F|  |TAMS 0x0000000711a00000| PB 0x0000000711a00000| Untracked 
| 120|0x0000000711c00000, 0x0000000711c00000, 0x0000000711e00000|  0%| F|  |TAMS 0x0000000711c00000| PB 0x0000000711c00000| Untracked 
| 121|0x0000000711e00000, 0x0000000711e00000, 0x0000000712000000|  0%| F|  |TAMS 0x0000000711e00000| PB 0x0000000711e00000| Untracked 
| 122|0x0000000712000000, 0x0000000712000000, 0x0000000712200000|  0%| F|  |TAMS 0x0000000712000000| PB 0x0000000712000000| Untracked 
| 123|0x0000000712200000, 0x0000000712200000, 0x0000000712400000|  0%| F|  |TAMS 0x0000000712200000| PB 0x0000000712200000| Untracked 
| 124|0x0000000712400000, 0x0000000712400000, 0x0000000712600000|  0%| F|  |TAMS 0x0000000712400000| PB 0x0000000712400000| Untracked 
| 125|0x0000000712600000, 0x0000000712600000, 0x0000000712800000|  0%| F|  |TAMS 0x0000000712600000| PB 0x0000000712600000| Untracked 
| 126|0x0000000712800000, 0x00000007129c2a08, 0x0000000712a00000| 88%| E|  |TAMS 0x0000000712800000| PB 0x0000000712800000| Complete 

Card table byte_map: [0x0000019aab7f0000,0x0000019aabfe0000] _byte_map_base: 0x0000019aa7fda000

Marking Bits: (CMBitMap*) 0x0000019a938f0700
 Bits: [0x0000019aabfe0000, 0x0000019aaff30000)

Polling page: 0x0000019a91810000

Metaspace:

Usage:
  Non-class:     78.35 KB used.
      Class:      1.56 KB used.
       Both:     79.91 KB used.

Virtual space:
  Non-class space:       64.00 MB reserved,     128.00 KB ( <1%) committed,  1 nodes.
      Class space:        1.00 GB reserved,      64.00 KB ( <1%) committed,  1 nodes.
             Both:        1.06 GB reserved,     192.00 KB ( <1%) committed. 

Chunk freelists:
   Non-Class:  12.00 MB
       Class:  15.75 MB
        Both:  27.75 MB

MaxMetaspaceSize: unlimited
CompressedClassSpaceSize: 1.00 GB
Initial GC threshold: 21.00 MB
Current GC threshold: 21.00 MB
CDS: on
 - commit_granule_bytes: 65536.
 - commit_granule_words: 8192.
 - virtual_space_node_default_size: 8388608.
 - enlarge_chunks_in_place: 1.
 - use_allocation_guard: 0.


Internal statistics:

num_allocs_failed_limit: 0.
num_arena_births: 2.
num_arena_deaths: 0.
num_vsnodes_births: 2.
num_vsnodes_deaths: 0.
num_space_committed: 3.
num_space_uncommitted: 0.
num_chunks_returned_to_freelist: 0.
num_chunks_taken_from_freelist: 3.
num_chunk_merges: 0.
num_chunk_splits: 2.
num_chunks_enlarged: 0.
num_inconsistent_stats: 0.

CodeHeap 'non-profiled nmethods': size=120000Kb used=3Kb max_used=3Kb free=119996Kb
 bounds [0x0000019aa37a0000, 0x0000019aa3a10000, 0x0000019aaacd0000]
CodeHeap 'profiled nmethods': size=120000Kb used=37Kb max_used=37Kb free=119962Kb
 bounds [0x0000019a9bcd0000, 0x0000019a9bf40000, 0x0000019aa3200000]
CodeHeap 'non-nmethods': size=5760Kb used=1163Kb max_used=1178Kb free=4596Kb
 bounds [0x0000019aa3200000, 0x0000019aa3470000, 0x0000019aa37a0000]
 total_blobs=326 nmethods=28 adapters=203
 compilation: enabled
              stopped_count=0, restarted_count=0
 full_count=0

Compilation events (20 events):
Event: 0.054 Thread 0x0000019ab297be80 nmethod 19 0x0000019a9bcd6d90 code [0x0000019a9bcd6f40, 0x0000019a9bcd7168]
Event: 0.054 Thread 0x0000019ab297be80   20       3       java.util.Objects::requireNonNull (14 bytes)
Event: 0.054 Thread 0x0000019ab297be80 nmethod 20 0x0000019a9bcd7290 code [0x0000019a9bcd7440, 0x0000019a9bcd7638]
Event: 0.054 Thread 0x0000019ab297be80   22       3       java.util.Set::of (68 bytes)
Event: 0.055 Thread 0x0000019ab297be80 nmethod 22 0x0000019a9bcd7710 code [0x0000019a9bcd7940, 0x0000019a9bcd8180]
Event: 0.055 Thread 0x0000019ab297be80   23       3       java.util.ImmutableCollections$AbstractImmutableCollection::<init> (5 bytes)
Event: 0.055 Thread 0x0000019ab297be80 nmethod 23 0x0000019a9bcd8410 code [0x0000019a9bcd85c0, 0x0000019a9bcd8788]
Event: 0.055 Thread 0x0000019ab297be80   24       3       java.lang.String::coder (15 bytes)
Event: 0.055 Thread 0x0000019ab297b3e0   21       4       jdk.internal.util.ArraysSupport::signedHashCode (37 bytes)
Event: 0.055 Thread 0x0000019ab297be80 nmethod 24 0x0000019a9bcd8890 code [0x0000019a9bcd8a20, 0x0000019a9bcd8b58]
Event: 0.055 Thread 0x0000019ab297be80   25       3       java.lang.String::length (11 bytes)
Event: 0.055 Thread 0x0000019ab297be80 nmethod 25 0x0000019a9bcd8c10 code [0x0000019a9bcd8dc0, 0x0000019a9bcd8f68]
Event: 0.055 Thread 0x0000019ab297be80   26       1       java.lang.module.ModuleDescriptor::name (5 bytes)
Event: 0.055 Thread 0x0000019ab297be80 nmethod 26 0x0000019aa37a0010 code [0x0000019aa37a01a0, 0x0000019aa37a0270]
Event: 0.055 Thread 0x0000019ab297be80   27       1       java.lang.module.ModuleReference::descriptor (5 bytes)
Event: 0.055 Thread 0x0000019ab297be80 nmethod 27 0x0000019aa37a0310 code [0x0000019aa37a04a0, 0x0000019aa37a0570]
Event: 0.055 Thread 0x0000019ab297be80   28       3       java.net.URI::hash (33 bytes)
Event: 0.055 Thread 0x0000019ab297be80 nmethod 28 0x0000019a9bcd9090 code [0x0000019a9bcd9280, 0x0000019a9bcd9568]
Event: 0.058 Thread 0x0000019ab297b3e0 nmethod 21 0x0000019aa37a0610 code [0x0000019aa37a07a0, 0x0000019aa37a0968]
Event: 0.058 Thread 0x0000019ab297b3e0   14       4       java.lang.Object::<init> (1 bytes)

GC Heap History (0 events):
No events

Dll operation events (2 events):
Event: 0.010 Loaded shared library C:\Users\Amira Youssef\.jdks\openjdk-21\bin\java.dll
Event: 0.049 Loaded shared library C:\Users\Amira Youssef\.jdks\openjdk-21\bin\jsvml.dll

Deoptimization events (0 events):
No events

Classes loaded (2 events):
Event: 0.044 Loading class sun/nio/cs/UTF_8$Encoder
Event: 0.044 Loading class sun/nio/cs/UTF_8$Encoder done

Classes unloaded (0 events):
No events

Classes redefined (0 events):
No events

Internal exceptions (0 events):
No events

ZGC Phase Switch (0 events):
No events

VM Operations (0 events):
No events

Events (9 events):
Event: 0.029 Thread 0x0000019a9388c010 Thread added: 0x0000019a9388c010
Event: 0.046 Thread 0x0000019ab2969580 Thread added: 0x0000019ab2969580
Event: 0.046 Thread 0x0000019ab296c0f0 Thread added: 0x0000019ab296c0f0
Event: 0.046 Thread 0x0000019ab296d140 Thread added: 0x0000019ab296d140
Event: 0.047 Thread 0x0000019ab296e030 Thread added: 0x0000019ab296e030
Event: 0.047 Thread 0x0000019ab2978ab0 Thread added: 0x0000019ab2978ab0
Event: 0.047 Thread 0x0000019ab297a650 Thread added: 0x0000019ab297a650
Event: 0.047 Thread 0x0000019ab297b3e0 Thread added: 0x0000019ab297b3e0
Event: 0.047 Thread 0x0000019ab297be80 Thread added: 0x0000019ab297be80


Dynamic libraries:
0x00007ff655c10000 - 0x00007ff655c1e000 	C:\Users\Amira Youssef\.jdks\openjdk-21\bin\java.exe
0x00007ff8cdf20000 - 0x00007ff8ce183000 	C:\WINDOWS\SYSTEM32\ntdll.dll
0x00007ff8cd330000 - 0x00007ff8cd3f7000 	C:\WINDOWS\System32\KERNEL32.DLL
0x00007ff8cb770000 - 0x00007ff8cbb37000 	C:\WINDOWS\System32\KERNELBASE.dll
0x00007ff8cb620000 - 0x00007ff8cb76c000 	C:\WINDOWS\System32\ucrtbase.dll
0x00007ff8c3000000 - 0x00007ff8c301b000 	C:\Users\Amira Youssef\.jdks\openjdk-21\bin\VCRUNTIME140.dll
0x00007ff8c2fe0000 - 0x00007ff8c2ff8000 	C:\Users\Amira Youssef\.jdks\openjdk-21\bin\jli.dll
0x00007ff8ccae0000 - 0x00007ff8ccca9000 	C:\WINDOWS\System32\USER32.dll
0x00007ff8ad530000 - 0x00007ff8ad7c0000 	C:\WINDOWS\WinSxS\amd64_microsoft.windows.common-controls_6595b64144ccf1df_6.0.26100.3037_none_3e09262ce333c378\COMCTL32.dll
0x00007ff8cbc90000 - 0x00007ff8cbcb7000 	C:\WINDOWS\System32\win32u.dll
0x00007ff8cbe90000 - 0x00007ff8cbf39000 	C:\WINDOWS\System32\msvcrt.dll
0x00007ff8cd730000 - 0x00007ff8cd75a000 	C:\WINDOWS\System32\GDI32.dll
0x00007ff8cb440000 - 0x00007ff8cb56b000 	C:\WINDOWS\System32\gdi32full.dll
0x00007ff8cb570000 - 0x00007ff8cb613000 	C:\WINDOWS\System32\msvcp_win.dll
0x00007ff8cd410000 - 0x00007ff8cd43f000 	C:\WINDOWS\System32\IMM32.DLL
0x00007ff8c2fd0000 - 0x00007ff8c2fdc000 	C:\Users\Amira Youssef\.jdks\openjdk-21\bin\vcruntime140_1.dll
0x00007ff89f8f0000 - 0x00007ff89f97e000 	C:\Users\Amira Youssef\.jdks\openjdk-21\bin\msvcp140.dll
0x00007ff839690000 - 0x00007ff83a3a3000 	C:\Users\Amira Youssef\.jdks\openjdk-21\bin\server\jvm.dll
0x00007ff8cd830000 - 0x00007ff8cd8e4000 	C:\WINDOWS\System32\ADVAPI32.dll
0x00007ff8cc310000 - 0x00007ff8cc3b6000 	C:\WINDOWS\System32\sechost.dll
0x00007ff8cbd70000 - 0x00007ff8cbe86000 	C:\WINDOWS\System32\RPCRT4.dll
0x00007ff8cd5d0000 - 0x00007ff8cd644000 	C:\WINDOWS\System32\WS2_32.dll
0x00007ff8c9f20000 - 0x00007ff8c9f6e000 	C:\WINDOWS\SYSTEM32\POWRPROF.dll
0x00007ff8c24f0000 - 0x00007ff8c24fb000 	C:\WINDOWS\SYSTEM32\VERSION.dll
0x00007ff8b6eb0000 - 0x00007ff8b6ee6000 	C:\WINDOWS\SYSTEM32\WINMM.dll
0x00007ff8c9f00000 - 0x00007ff8c9f14000 	C:\WINDOWS\SYSTEM32\UMPDC.dll
0x00007ff8ca1c0000 - 0x00007ff8ca1da000 	C:\WINDOWS\SYSTEM32\kernel.appcore.dll
0x00007ff8c2fc0000 - 0x00007ff8c2fca000 	C:\Users\Amira Youssef\.jdks\openjdk-21\bin\jimage.dll
0x00007ff8c4a60000 - 0x00007ff8c4ca1000 	C:\WINDOWS\SYSTEM32\DBGHELP.DLL
0x00007ff8cccb0000 - 0x00007ff8cd02e000 	C:\WINDOWS\System32\combase.dll
0x00007ff8cd650000 - 0x00007ff8cd726000 	C:\WINDOWS\System32\OLEAUT32.dll
0x00007ff8b2b30000 - 0x00007ff8b2b69000 	C:\WINDOWS\SYSTEM32\dbgcore.DLL
0x00007ff8cbcc0000 - 0x00007ff8cbd59000 	C:\WINDOWS\System32\bcryptPrimitives.dll
0x00007ff8c5540000 - 0x00007ff8c554f000 	C:\Users\Amira Youssef\.jdks\openjdk-21\bin\instrument.dll
0x00007ff8c2fa0000 - 0x00007ff8c2fbf000 	C:\Users\Amira Youssef\.jdks\openjdk-21\bin\java.dll
0x00007ff8cc3c0000 - 0x00007ff8ccac4000 	C:\WINDOWS\System32\SHELL32.dll
0x00007ff8c8fc0000 - 0x00007ff8c97f7000 	C:\WINDOWS\SYSTEM32\windows.storage.dll
0x00007ff8cd0a0000 - 0x00007ff8cd189000 	C:\WINDOWS\System32\SHCORE.dll
0x00007ff8cd040000 - 0x00007ff8cd09d000 	C:\WINDOWS\System32\shlwapi.dll
0x00007ff8cb1d0000 - 0x00007ff8cb1fe000 	C:\WINDOWS\SYSTEM32\profapi.dll
0x00007ff89f090000 - 0x00007ff89f167000 	C:\Users\Amira Youssef\.jdks\openjdk-21\bin\jsvml.dll

dbghelp: loaded successfully - version: 4.0.5 - missing functions: none
symbol engine: initialized successfully - sym options: 0x614 - pdb path: .;C:\Users\Amira Youssef\.jdks\openjdk-21\bin;C:\WINDOWS\SYSTEM32;C:\WINDOWS\WinSxS\amd64_microsoft.windows.common-controls_6595b64144ccf1df_6.0.26100.3037_none_3e09262ce333c378;C:\Users\Amira Youssef\.jdks\openjdk-21\bin\server

VM Arguments:
jvm_args: -javaagent:C:\Program Files\JetBrains\IntelliJ IDEA 2024.2.1\lib\idea_rt.jar=53705:C:\Program Files\JetBrains\IntelliJ IDEA 2024.2.1\bin -Dfile.encoding=UTF-8 -Dsun.stdout.encoding=UTF-8 -Dsun.stderr.encoding=UTF-8 
java_command: org.example.TestFX
java_class_path (initial): C:\Users\Amira Youssef\Documents\GitHub\Hackify\target\classes;C:\Users\Amira Youssef\.m2\repository\com\mysql\mysql-connector-j\8.0.33\mysql-connector-j-8.0.33.jar;C:\Users\Amira Youssef\.m2\repository\com\google\protobuf\protobuf-java\3.21.9\protobuf-java-3.21.9.jar;C:\Users\Amira Youssef\.m2\repository\org\openjfx\javafx-fxml\21.0.2\javafx-fxml-21.0.2.jar;C:\Users\Amira Youssef\.m2\repository\org\openjfx\javafx-fxml\21.0.2\javafx-fxml-21.0.2-win.jar;C:\Users\Amira Youssef\.m2\repository\org\openjfx\javafx-controls\21.0.2\javafx-controls-21.0.2.jar;C:\Users\Amira Youssef\.m2\repository\org\openjfx\javafx-controls\21.0.2\javafx-controls-21.0.2-win.jar;C:\Users\Amira Youssef\.m2\repository\org\openjfx\javafx-graphics\21.0.2\javafx-graphics-21.0.2.jar;C:\Users\Amira Youssef\.m2\repository\org\openjfx\javafx-graphics\21.0.2\javafx-graphics-21.0.2-win.jar;C:\Users\Amira Youssef\.m2\repository\org\openjfx\javafx-base\21.0.2\javafx-base-21.0.2.jar;C:\Users\Amira Youssef\.m2\repository\org\openjfx\javafx-base\21.0.2\javafx-base-21.0.2-win.jar
Launcher Type: SUN_STANDARD

[Global flags]
     intx CICompilerCount                          = 4                                         {product} {ergonomic}
     uint ConcGCThreads                            = 2                                         {product} {ergonomic}
     uint G1ConcRefinementThreads                  = 8                                         {product} {ergonomic}
   size_t G1HeapRegionSize                         = 2097152                                   {product} {ergonomic}
    uintx GCDrainStackTargetSize                   = 64                                        {product} {ergonomic}
   size_t InitialHeapSize                          = 266338304                                 {product} {ergonomic}
   size_t MarkStackSize                            = 4194304                                   {product} {ergonomic}
   size_t MaxHeapSize                              = 4248829952                                {product} {ergonomic}
   size_t MaxNewSize                               = 2548039680                                {product} {ergonomic}
   size_t MinHeapDeltaBytes                        = 2097152                                   {product} {ergonomic}
   size_t MinHeapSize                              = 8388608                                   {product} {ergonomic}
    uintx NonNMethodCodeHeapSize                   = 5839372                                {pd product} {ergonomic}
    uintx NonProfiledCodeHeapSize                  = 122909434                              {pd product} {ergonomic}
    uintx ProfiledCodeHeapSize                     = 122909434                              {pd product} {ergonomic}
    uintx ReservedCodeCacheSize                    = 251658240                              {pd product} {ergonomic}
     bool SegmentedCodeCache                       = true                                      {product} {ergonomic}
   size_t SoftMaxHeapSize                          = 4248829952                             {manageable} {ergonomic}
     bool UseCompressedOops                        = true                           {product lp64_product} {ergonomic}
     bool UseG1GC                                  = true                                      {product} {ergonomic}
     bool UseLargePagesIndividualAllocation        = false                                  {pd product} {ergonomic}

Logging:
Log output configuration:
 #0: stdout all=warning uptime,level,tags foldmultilines=false
 #1: stderr all=off uptime,level,tags foldmultilines=false

Environment Variables:
JAVA_HOME=C:\Program Files\Java\jdk-19\bin
PATH=C:\Users\Public\dbhomeXE\bin;C:\app\dbhomeXE\bin;%JAVA_HOME%\bin;C:\oraclexe\app\oracle\product\11.2.0\server\bin;C:\Program Files (x86)\VMware\VMware Workstation\bin\;C:\WINDOWS\system32;C:\WINDOWS;C:\WINDOWS\System32\Wbem;C:\WINDOWS\System32\WindowsPowerShell\v1.0\;C:\WINDOWS\System32\OpenSSH\;C:\php-8.2.3-nts-Win32-vs16-x64;C:\composer;C:\Program Files\Git\cmd;C:\ProgramData\ComposerSetup\bin;C:\Program Files (x86)\Microsoft SQL Server\160\Tools\Binn\;C:\Program Files\Microsoft SQL Server\160\Tools\Binn\;C:\Program Files\Microsoft SQL Server\Client SDK\ODBC\170\Tools\Binn\;C:\Program Files\Microsoft SQL Server\160\DTS\Binn\;C:\Program Files (x86)\Microsoft SQL Server\160\DTS\Binn\;C:\Program Files\Azure Data Studio\bin;C:\Program Files\Microsoft SQL Server\150\Tools\Binn\;C:\ProgramData\chocolatey\bin;C:\Users\Amira Youssef\flutter\bin;C:\Users\Amira Youssef\AppData\Local\Android\Sdk\platform-tools;C:\xamppp\php;C:\Program Files\Java\jdk-19\bin;C:\Program Files\MySQL\MySQL Shell 8.0\bin\;C:\Users\Amira Youssef\scoop\shims;C:\Users\Amira Youssef\AppData\Local\Microsoft\WindowsApps;C:\Users\Amira Youssef\AppData\Local\Programs\Microsoft VS Code\bin;C:\xamppp\php;C:\Users\Amira Youssef\AppData\Roaming\Composer\vendor\bin;C:\Users\Amira Youssef\AppData\Local\GitHubDesktop\bin;C:\Program Files\Azure Data Studio\bin;C:\Program Files\JetBrains\IntelliJ IDEA 2024.2.1\bin;;C:\Users\Amira Youssef\AppData\Local\Pub\Cache\bin;C:\Users\Amira Youssef\flutter\bin;
USERNAME=Amira Youssef
OS=Windows_NT
PROCESSOR_IDENTIFIER=Intel64 Family 6 Model 165 Stepping 2, GenuineIntel
TMP=C:\Users\AMIRAY~1\AppData\Local\Temp
TEMP=C:\Users\AMIRAY~1\AppData\Local\Temp




---------------  S Y S T E M  ---------------

OS:
 Windows 11 , 64 bit Build 26100 (10.0.26100.3037)
OS uptime: 0 days 0:35 hours
Hyper-V role detected

CPU: total 8 (initial active 8) (4 cores per cpu, 2 threads per core) family 6 model 165 stepping 2 microcode 0xe0, cx8, cmov, fxsr, ht, mmx, 3dnowpref, sse, sse2, sse3, ssse3, sse4.1, sse4.2, popcnt, lzcnt, tsc, tscinvbit, avx, avx2, aes, erms, clmul, bmi1, bmi2, adx, fma, vzeroupper, clflush, clflushopt, hv, rdtscp, f16c
Processor Information for all 8 processors :
  Max Mhz: 2496, Current Mhz: 2496, Mhz Limit: 2496

Memory: 4k page, system-wide physical 16202M (4576M free)
TotalPageFile size 21578M (AvailPageFile size 5424M)
current process WorkingSet (physical memory assigned to process): 35M, peak: 35M
current process commit charge ("private bytes"): 336M, peak: 336M

vm_info: OpenJDK 64-Bit Server VM (21+35-2513) for windows-amd64 JRE (21+35-2513), built on 2023-08-09T20:25:10Z by "mach5one" with MS VC++ 17.1 (VS2022)

END.
